2026-02-02 20:17:39 | INFO | __main__ | [MAIN] Inicio del proceso
2026-02-02 20:17:39 | INFO | __main__ | [MAIN] Iniciando fetch base EL UNIVERSAL
2026-02-02 20:17:39 | INFO | adquisicion.fuentes.el_universal | [EL_UNIVERSAL] Iniciando recolección inicial
2026-02-02 20:17:40 | INFO | adquisicion.fuentes.el_universal | [EL_UNIVERSAL] Batch 1/12 completado (25 noticias)
2026-02-02 20:17:44 | INFO | adquisicion.fuentes.el_universal | [EL_UNIVERSAL] Batch 2/12 completado (25 noticias)
2026-02-02 20:17:46 | INFO | adquisicion.fuentes.el_universal | [EL_UNIVERSAL] Batch 3/12 completado (25 noticias)
2026-02-02 20:17:48 | INFO | adquisicion.fuentes.el_universal | [EL_UNIVERSAL] Batch 4/12 completado (25 noticias)
2026-02-02 20:17:51 | INFO | adquisicion.fuentes.el_universal | [EL_UNIVERSAL] Batch 5/12 completado (25 noticias)
2026-02-02 20:17:56 | INFO | adquisicion.fuentes.el_universal | [EL_UNIVERSAL] Batch 6/12 completado (25 noticias)
2026-02-02 20:17:59 | INFO | adquisicion.fuentes.el_universal | [EL_UNIVERSAL] Batch 7/12 completado (25 noticias)
2026-02-02 20:18:03 | INFO | adquisicion.fuentes.el_universal | [EL_UNIVERSAL] Batch 8/12 completado (25 noticias)
2026-02-02 20:18:06 | INFO | adquisicion.fuentes.el_universal | [EL_UNIVERSAL] Batch 9/12 completado (25 noticias)
2026-02-02 20:18:09 | INFO | adquisicion.fuentes.el_universal | [EL_UNIVERSAL] Batch 10/12 completado (25 noticias)
2026-02-02 20:18:12 | INFO | adquisicion.fuentes.el_universal | [EL_UNIVERSAL] Batch 11/12 completado (25 noticias)
2026-02-02 20:18:15 | INFO | adquisicion.fuentes.el_universal | [EL_UNIVERSAL] Batch 12/12 completado (25 noticias)
2026-02-02 20:18:16 | INFO | adquisicion.fuentes.el_universal | [EL_UNIVERSAL] Total noticias obtenidas: 300
2026-02-02 20:18:16 | INFO | __main__ | [MAIN] EL UNIVERSAL - Almacenadas (300 noticias)
2026-02-02 20:18:16 | INFO | __main__ | [MAIN] Iniciando fetch base EL PAÍS
2026-02-02 20:18:16 | INFO | adquisicion.fuentes.el_pais | [EL_PAIS] Iniciando recolección inicial
2026-02-02 20:18:16 | INFO | adquisicion.fuentes.el_pais | [EL_PAIS] Bloque 1/11 iniciado
2026-02-02 20:18:34 | INFO | adquisicion.fuentes.el_pais | [EL_PAIS] Bloque 1/11 completado (69 artículos)
2026-02-02 20:18:34 | INFO | adquisicion.fuentes.el_pais | [EL_PAIS] Bloque 2/11 iniciado
2026-02-02 20:18:50 | INFO | adquisicion.fuentes.el_pais | [EL_PAIS] Bloque 2/11 completado (33 artículos)
2026-02-02 20:18:50 | INFO | adquisicion.fuentes.el_pais | [EL_PAIS] Bloque 3/11 iniciado
2026-02-02 20:19:07 | INFO | adquisicion.fuentes.el_pais | [EL_PAIS] Bloque 3/11 completado (61 artículos)
2026-02-02 20:19:07 | INFO | adquisicion.fuentes.el_pais | [EL_PAIS] Bloque 4/11 iniciado
2026-02-02 20:19:27 | INFO | adquisicion.fuentes.el_pais | [EL_PAIS] Bloque 4/11 completado (77 artículos)
2026-02-02 20:19:27 | INFO | adquisicion.fuentes.el_pais | [EL_PAIS] Bloque 5/11 iniciado
2026-02-02 20:19:45 | INFO | adquisicion.fuentes.el_pais | [EL_PAIS] Bloque 5/11 completado (72 artículos)
2026-02-02 20:19:45 | INFO | adquisicion.fuentes.el_pais | [EL_PAIS] Bloque 6/11 iniciado
2026-02-02 20:20:02 | INFO | adquisicion.fuentes.el_pais | [EL_PAIS] Bloque 6/11 completado (52 artículos)
2026-02-02 20:20:02 | INFO | adquisicion.fuentes.el_pais | [EL_PAIS] Bloque 7/11 iniciado
2026-02-02 20:20:19 | INFO | adquisicion.fuentes.el_pais | [EL_PAIS] Bloque 7/11 completado (56 artículos)
2026-02-02 20:20:19 | INFO | adquisicion.fuentes.el_pais | [EL_PAIS] Bloque 8/11 iniciado
2026-02-02 20:20:36 | INFO | adquisicion.fuentes.el_pais | [EL_PAIS] Bloque 8/11 completado (55 artículos)
2026-02-02 20:20:36 | INFO | adquisicion.fuentes.el_pais | [EL_PAIS] Bloque 9/11 iniciado
2026-02-02 20:20:53 | INFO | adquisicion.fuentes.el_pais | [EL_PAIS] Bloque 9/11 completado (71 artículos)
2026-02-02 20:20:53 | INFO | adquisicion.fuentes.el_pais | [EL_PAIS] Bloque 10/11 iniciado
2026-02-02 20:21:11 | INFO | adquisicion.fuentes.el_pais | [EL_PAIS] Bloque 10/11 completado (61 artículos)
2026-02-02 20:21:11 | INFO | adquisicion.fuentes.el_pais | [EL_PAIS] Bloque 11/11 iniciado
2026-02-02 20:21:27 | INFO | adquisicion.fuentes.el_pais | [EL_PAIS] Bloque 11/11 completado (47 artículos)
2026-02-02 20:21:27 | INFO | adquisicion.fuentes.el_pais | [EL_PAIS] Total noticias obtenidas: 654
2026-02-02 20:21:27 | INFO | __main__ | [MAIN] EL PAÍS - Almacenadas (654 noticias)
2026-02-02 20:21:27 | INFO | __main__ | [MAIN] Iniciando descarga de índices bursátiles
2026-02-02 20:21:27 | INFO | adquisicion.fuentes.indices | [INDICES] Descargando índices desde 2025-01-01 hasta 2026-01-31
2026-02-02 20:21:27 | INFO | adquisicion.fuentes.indices | [INDICES] Descargando DJI (^DJI)
2026-02-02 20:21:27 | INFO | adquisicion.fuentes.indices | [INDICES] DJI guardado en data/raws\DJI_historico.csv
2026-02-02 20:21:27 | INFO | adquisicion.fuentes.indices | [INDICES] Descargando NASDAQ (^IXIC)
2026-02-02 20:21:28 | INFO | adquisicion.fuentes.indices | [INDICES] NASDAQ guardado en data/raws\NASDAQ_historico.csv
2026-02-02 20:21:28 | INFO | adquisicion.fuentes.indices | [INDICES] Descargando SP500 (^GSPC)
2026-02-02 20:21:28 | INFO | adquisicion.fuentes.indices | [INDICES] SP500 guardado en data/raws\SP500_historico.csv
2026-02-02 20:21:28 | INFO | adquisicion.fuentes.indices | [INDICES] Descarga completada (3 índices)
2026-02-02 20:21:28 | INFO | __main__ | [MAIN] DJI: 270 registros descargados
2026-02-02 20:21:28 | INFO | __main__ | [MAIN] NASDAQ: 270 registros descargados
2026-02-02 20:21:28 | INFO | __main__ | [MAIN] SP500: 270 registros descargados
2026-02-02 20:21:28 | INFO | __main__ | [MAIN] Proceso finalizado correctamente
